  lancha.cpp
D:\M5\PruebaSFML\lancha.cpp(30,72): warning C4244: 'argumento': conversión de 'T' a 'T'; posible pérdida de datos
D:\M5\PruebaSFML\lancha.cpp(30,72): warning C4244:         with
D:\M5\PruebaSFML\lancha.cpp(30,72): warning C4244:         [
D:\M5\PruebaSFML\lancha.cpp(30,72): warning C4244:             T=int
D:\M5\PruebaSFML\lancha.cpp(30,72): warning C4244:         ]
D:\M5\PruebaSFML\lancha.cpp(30,72): warning C4244:         and
D:\M5\PruebaSFML\lancha.cpp(30,72): warning C4244:         [
D:\M5\PruebaSFML\lancha.cpp(30,72): warning C4244:             T=float
D:\M5\PruebaSFML\lancha.cpp(30,72): warning C4244:         ]
D:\M5\PruebaSFML\lancha.cpp(30,60): warning C4244: 'argumento': conversión de 'T' a 'T'; posible pérdida de datos
D:\M5\PruebaSFML\lancha.cpp(30,60): warning C4244:         with
D:\M5\PruebaSFML\lancha.cpp(30,60): warning C4244:         [
D:\M5\PruebaSFML\lancha.cpp(30,60): warning C4244:             T=int
D:\M5\PruebaSFML\lancha.cpp(30,60): warning C4244:         ]
D:\M5\PruebaSFML\lancha.cpp(30,60): warning C4244:         and
D:\M5\PruebaSFML\lancha.cpp(30,60): warning C4244:         [
D:\M5\PruebaSFML\lancha.cpp(30,60): warning C4244:             T=float
D:\M5\PruebaSFML\lancha.cpp(30,60): warning C4244:         ]
D:\M5\PruebaSFML\lancha.cpp(33,77): warning C4244: 'argumento': conversión de 'T' a 'T'; posible pérdida de datos
D:\M5\PruebaSFML\lancha.cpp(33,77): warning C4244:         with
D:\M5\PruebaSFML\lancha.cpp(33,77): warning C4244:         [
D:\M5\PruebaSFML\lancha.cpp(33,77): warning C4244:             T=int
D:\M5\PruebaSFML\lancha.cpp(33,77): warning C4244:         ]
D:\M5\PruebaSFML\lancha.cpp(33,77): warning C4244:         and
D:\M5\PruebaSFML\lancha.cpp(33,77): warning C4244:         [
D:\M5\PruebaSFML\lancha.cpp(33,77): warning C4244:             T=float
D:\M5\PruebaSFML\lancha.cpp(33,77): warning C4244:         ]
D:\M5\PruebaSFML\lancha.cpp(33,65): warning C4244: 'argumento': conversión de 'T' a 'T'; posible pérdida de datos
D:\M5\PruebaSFML\lancha.cpp(33,65): warning C4244:         with
D:\M5\PruebaSFML\lancha.cpp(33,65): warning C4244:         [
D:\M5\PruebaSFML\lancha.cpp(33,65): warning C4244:             T=int
D:\M5\PruebaSFML\lancha.cpp(33,65): warning C4244:         ]
D:\M5\PruebaSFML\lancha.cpp(33,65): warning C4244:         and
D:\M5\PruebaSFML\lancha.cpp(33,65): warning C4244:         [
D:\M5\PruebaSFML\lancha.cpp(33,65): warning C4244:             T=float
D:\M5\PruebaSFML\lancha.cpp(33,65): warning C4244:         ]
  main.cpp
D:\M5\PruebaSFML\main.cpp(10,15): warning C4244: 'argumento': conversión de 'time_t' a 'unsigned int'; posible pérdida de datos
D:\M5\PruebaSFML\main.cpp(66,104): warning C4244: 'argumento': conversión de 'T' a 'T'; posible pérdida de datos
D:\M5\PruebaSFML\main.cpp(66,104): warning C4244:         with
D:\M5\PruebaSFML\main.cpp(66,104): warning C4244:         [
D:\M5\PruebaSFML\main.cpp(66,104): warning C4244:             T=unsigned int
D:\M5\PruebaSFML\main.cpp(66,104): warning C4244:         ]
D:\M5\PruebaSFML\main.cpp(66,104): warning C4244:         and
D:\M5\PruebaSFML\main.cpp(66,104): warning C4244:         [
D:\M5\PruebaSFML\main.cpp(66,104): warning C4244:             T=float
D:\M5\PruebaSFML\main.cpp(66,104): warning C4244:         ]
  Generando código...
D:\M5\PruebaSFML\lancha.cpp(74,1): warning C4715: 'Lancha::usoNitro': no todas las rutas de acceso de control devuelven un valor
  PruebaSFML.vcxproj -> D:\M5\PruebaSFML\x64\Debug\PruebaSFML.exe
